<?xml version="1.0" encoding="UTF-8"?>
<!-- Generated by org.testng.reporters.JUnitReportReporter -->
<testsuite skipped="0" hostname="DESKTOP-9IQADKV" name="computestltd.SeleniumTest" tests="2" failures="0" timestamp="03 Jul 2019 09:51:34 GMT" time="0.019" errors="0">
  <testcase name="elementsUI" time="0.002" classname="computestltd.SeleniumTest"/>
  <testcase name="BrowserAutomation" time="0.017" classname="computestltd.SeleniumTest"/>
</testsuite> <!-- computestltd.SeleniumTest -->
