<?xml version="1.0" encoding="UTF-8"?>
<!-- Generated by org.testng.reporters.JUnitReportReporter -->
<testsuite hostname="DESKTOP-9IQADKV" failures="0" tests="2" name="computestltd.RestAPITest" time="0.000" errors="0" timestamp="01 Jul 2019 16:31:31 GMT" skipped="0">
  <testcase classname="computestltd.RestAPITest" name="postJira" time="0.000"/>
  <testcase classname="computestltd.RestAPITest" name="deleteTwitter" time="0.000"/>
</testsuite> <!-- computestltd.RestAPITest -->
