<?xml version="1.0" encoding="UTF-8"?>
<!-- Generated by org.testng.reporters.JUnitReportReporter -->
<testsuite hostname="DESKTOP-9IQADKV" failures="0" tests="2" name="computestltd.AppiumTest" time="0.001" errors="0" timestamp="01 Jul 2019 16:30:33 GMT" skipped="0">
  <testcase classname="computestltd.AppiumTest" name="NativeAppAndroid" time="0.001"/>
  <testcase classname="computestltd.AppiumTest" name="IOSApps" time="0.000"/>
</testsuite> <!-- computestltd.AppiumTest -->
